
> last-version-of-نظام-جداول-الكلية-التقنية@0.0.0 dev
> vite

[2m٥:١١:٤٦ م[22m [36m[1m[vite][22m[39m [90m[2m(client)[22m[39m Re-optimizing dependencies because vite config has changed

  [32m[1mVITE[22m v6.4.1[39m  [2mready in [0m[1m782[22m[2m[0m ms[22m

  [32m➜[39m  [1mLocal[22m:   [36mhttp://localhost:[1m3000[22m/[39m
  [32m➜[39m  [1mNetwork[22m: [36mhttp://192.168.8.244:[1m3000[22m/[39m
[2m[32m  ➜[39m[22m[2m  press [22m[1mh + enter[22m[2m to show help[22m
[2m٦:١٧:٢٢ م[22m [36m[1m[vite][22m[39m [90m[2m(client)[22m[39m [32mhmr update [39m[2m/pages/AdminScheduleEditor.tsx[22m
[2m٦:١٨:٥٣ م[22m [36m[1m[vite][22m[39m [90m[2m(client)[22m[39m [32mhmr update [39m[2m/pages/AdminScheduleEditor.tsx[22m
[2m٦:٢١:٠٢ م[22m [36m[1m[vite][22m[39m [90m[2m(client)[22m[39m [32mhmr update [39m[2m/pages/AdminScheduleEditor.tsx[22m
[2m٦:٢٧:٥٣ م[22m [36m[1m[vite][22m[39m [90m[2m(client)[22m[39m [32mhmr update [39m[2m/pages/AdminScheduleEditor.tsx[22m
[2m٦:٣١:٢٠ م[22m [36m[1m[vite][22m[39m [90m[2m(client)[22m[39m [32mhmr update [39m[2m/pages/AdminScheduleEditor.tsx[22m
[2m٦:٣١:٢٠ م[22m [31m[1m[vite][22m[39m [31mInternal server error: C:\Users\ADMIN\Desktop\last-version-of-نظام-جداول-الكلية-التقنية\pages\AdminScheduleEditor.tsx: Adjacent JSX elements must be wrapped in an enclosing tag. Did you want a JSX fragment <>...</>? (640:4)

[0m [90m 638 |[31m         )}
 [90m 639 |[31m       [33m<[31m[33m/[31m[33mdiv[31m[33m>[31m
[31m[1m>[22m[31m[90m 640 |[31m     [33m<[31m[33m/[31m[33mdiv[31m[33m>[31m
 [90m     |[31m     [31m[1m^[22m[31m
 [90m 641 |[31m   )[33m;[31m
 [90m 642 |[31m }[33m;[31m
 [90m 643 |[31m[0m[39m
  Plugin: [35mvite:react-babel[39m
  File: [36mC:/Users/ADMIN/Desktop/last-version-of-نظام-جداول-الكلية-التقنية/pages/AdminScheduleEditor.tsx[39m:640:4
      at constructor (C:\Users\ADMIN\Desktop\last-version-of-نظام-جداول-الكلية-التقنية\node_modules\@babel\parser\lib\index.js:367:19)
      at TypeScriptParserMixin.raise (C:\Users\ADMIN\Desktop\last-version-of-نظام-جداول-الكلية-التقنية\node_modules\@babel\parser\lib\index.js:6624:19)
      at TypeScriptParserMixin.jsxParseElementAt (C:\Users\ADMIN\Desktop\last-version-of-نظام-جداول-الكلية-التقنية\node_modules\@babel\parser\lib\index.js:4771:18)
      at TypeScriptParserMixin.jsxParseElement (C:\Users\ADMIN\Desktop\last-version-of-نظام-جداول-الكلية-التقنية\node_modules\@babel\parser\lib\index.js:4778:17)
      at TypeScriptParserMixin.parseExprAtom (C:\Users\ADMIN\Desktop\last-version-of-نظام-جداول-الكلية-التقنية\node_modules\@babel\parser\lib\index.js:4788:19)
      at TypeScriptParserMixin.parseExprSubscripts (C:\Users\ADMIN\Desktop\last-version-of-نظام-جداول-الكلية-التقنية\node_modules\@babel\parser\lib\index.js:11145:23)
      at TypeScriptParserMixin.parseUpdate (C:\Users\ADMIN\Desktop\last-version-of-نظام-جداول-الكلية-التقنية\node_modules\@babel\parser\lib\index.js:11130:21)
      at TypeScriptParserMixin.parseMaybeUnary (C:\Users\ADMIN\Desktop\last-version-of-نظام-جداول-الكلية-التقنية\node_modules\@babel\parser\lib\index.js:11110:23)
      at TypeScriptParserMixin.parseMaybeUnary (C:\Users\ADMIN\Desktop\last-version-of-نظام-جداول-الكلية-التقنية\node_modules\@babel\parser\lib\index.js:9890:18)
      at TypeScriptParserMixin.parseMaybeUnaryOrPrivate (C:\Users\ADMIN\Desktop\last-version-of-نظام-جداول-الكلية-التقنية\node_modules\@babel\parser\lib\index.js:10963:61)
      at TypeScriptParserMixin.parseExprOps (C:\Users\ADMIN\Desktop\last-version-of-نظام-جداول-الكلية-التقنية\node_modules\@babel\parser\lib\index.js:10968:23)
      at TypeScriptParserMixin.parseMaybeConditional (C:\Users\ADMIN\Desktop\last-version-of-نظام-جداول-الكلية-التقنية\node_modules\@babel\parser\lib\index.js:10945:23)
      at TypeScriptParserMixin.parseMaybeAssign (C:\Users\ADMIN\Desktop\last-version-of-نظام-جداول-الكلية-التقنية\node_modules\@babel\parser\lib\index.js:10895:21)
      at C:\Users\ADMIN\Desktop\last-version-of-نظام-جداول-الكلية-التقنية\node_modules\@babel\parser\lib\index.js:9828:39
      at TypeScriptParserMixin.tryParse (C:\Users\ADMIN\Desktop\last-version-of-نظام-جداول-الكلية-التقنية\node_modules\@babel\parser\lib\index.js:6932:20)
      at TypeScriptParserMixin.parseMaybeAssign (C:\Users\ADMIN\Desktop\last-version-of-نظام-جداول-الكلية-التقنية\node_modules\@babel\parser\lib\index.js:9828:18)
      at C:\Users\ADMIN\Desktop\last-version-of-نظام-جداول-الكلية-التقنية\node_modules\@babel\parser\lib\index.js:10864:39
      at TypeScriptParserMixin.allowInAnd (C:\Users\ADMIN\Desktop\last-version-of-نظام-جداول-الكلية-التقنية\node_modules\@babel\parser\lib\index.js:12500:12)
      at TypeScriptParserMixin.parseMaybeAssignAllowIn (C:\Users\ADMIN\Desktop\last-version-of-نظام-جداول-الكلية-التقنية\node_modules\@babel\parser\lib\index.js:10864:17)
      at TypeScriptParserMixin.parseMaybeAssignAllowInOrVoidPattern (C:\Users\ADMIN\Desktop\last-version-of-نظام-جداول-الكلية-التقنية\node_modules\@babel\parser\lib\index.js:12567:17)
      at TypeScriptParserMixin.parseParenAndDistinguishExpression (C:\Users\ADMIN\Desktop\last-version-of-نظام-جداول-الكلية-التقنية\node_modules\@babel\parser\lib\index.js:11747:28)
      at TypeScriptParserMixin.parseExprAtom (C:\Users\ADMIN\Desktop\last-version-of-نظام-جداول-الكلية-التقنية\node_modules\@babel\parser\lib\index.js:11395:23)
      at TypeScriptParserMixin.parseExprAtom (C:\Users\ADMIN\Desktop\last-version-of-نظام-جداول-الكلية-التقنية\node_modules\@babel\parser\lib\index.js:4793:20)
      at TypeScriptParserMixin.parseExprSubscripts (C:\Users\ADMIN\Desktop\last-version-of-نظام-جداول-الكلية-التقنية\node_modules\@babel\parser\lib\index.js:11145:23)
      at TypeScriptParserMixin.parseUpdate (C:\Users\ADMIN\Desktop\last-version-of-نظام-جداول-الكلية-التقنية\node_modules\@babel\parser\lib\index.js:11130:21)
      at TypeScriptParserMixin.parseMaybeUnary (C:\Users\ADMIN\Desktop\last-version-of-نظام-جداول-الكلية-التقنية\node_modules\@babel\parser\lib\index.js:11110:23)
      at TypeScriptParserMixin.parseMaybeUnary (C:\Users\ADMIN\Desktop\last-version-of-نظام-جداول-الكلية-التقنية\node_modules\@babel\parser\lib\index.js:9890:18)
      at TypeScriptParserMixin.parseMaybeUnaryOrPrivate (C:\Users\ADMIN\Desktop\last-version-of-نظام-جداول-الكلية-التقنية\node_modules\@babel\parser\lib\index.js:10963:61)
      at TypeScriptParserMixin.parseExprOps (C:\Users\ADMIN\Desktop\last-version-of-نظام-جداول-الكلية-التقنية\node_modules\@babel\parser\lib\index.js:10968:23)
      at TypeScriptParserMixin.parseMaybeConditional (C:\Users\ADMIN\Desktop\last-version-of-نظام-جداول-الكلية-التقنية\node_modules\@babel\parser\lib\index.js:10945:23)
      at TypeScriptParserMixin.parseMaybeAssign (C:\Users\ADMIN\Desktop\last-version-of-نظام-جداول-الكلية-التقنية\node_modules\@babel\parser\lib\index.js:10895:21)
      at TypeScriptParserMixin.parseMaybeAssign (C:\Users\ADMIN\Desktop\last-version-of-نظام-جداول-الكلية-التقنية\node_modules\@babel\parser\lib\index.js:9839:20)
      at TypeScriptParserMixin.parseExpressionBase (C:\Users\ADMIN\Desktop\last-version-of-نظام-جداول-الكلية-التقنية\node_modules\@babel\parser\lib\index.js:10848:23)
      at C:\Users\ADMIN\Desktop\last-version-of-نظام-جداول-الكلية-التقنية\node_modules\@babel\parser\lib\index.js:10844:39
      at TypeScriptParserMixin.allowInAnd (C:\Users\ADMIN\Desktop\last-version-of-نظام-جداول-الكلية-التقنية\node_modules\@babel\parser\lib\index.js:12495:16)
      at TypeScriptParserMixin.parseExpression (C:\Users\ADMIN\Desktop\last-version-of-نظام-جداول-الكلية-التقنية\node_modules\@babel\parser\lib\index.js:10844:17)
      at TypeScriptParserMixin.parseReturnStatement (C:\Users\ADMIN\Desktop\last-version-of-نظام-جداول-الكلية-التقنية\node_modules\@babel\parser\lib\index.js:13218:28)
      at TypeScriptParserMixin.parseStatementContent (C:\Users\ADMIN\Desktop\last-version-of-نظام-جداول-الكلية-التقنية\node_modules\@babel\parser\lib\index.js:12874:21)
      at TypeScriptParserMixin.parseStatementContent (C:\Users\ADMIN\Desktop\last-version-of-نظام-جداول-الكلية-التقنية\node_modules\@babel\parser\lib\index.js:9569:18)
      at TypeScriptParserMixin.parseStatementLike (C:\Users\ADMIN\Desktop\last-version-of-نظام-جداول-الكلية-التقنية\node_modules\@babel\parser\lib\index.js:12843:17)
      at TypeScriptParserMixin.parseStatementListItem (C:\Users\ADMIN\Desktop\last-version-of-نظام-جداول-الكلية-التقنية\node_modules\@babel\parser\lib\index.js:12823:17)
      at TypeScriptParserMixin.parseBlockOrModuleBlockBody (C:\Users\ADMIN\Desktop\last-version-of-نظام-جداول-الكلية-التقنية\node_modules\@babel\parser\lib\index.js:13392:61)
      at TypeScriptParserMixin.parseBlockBody (C:\Users\ADMIN\Desktop\last-version-of-نظام-جداول-الكلية-التقنية\node_modules\@babel\parser\lib\index.js:13385:10)
      at TypeScriptParserMixin.parseBlock (C:\Users\ADMIN\Desktop\last-version-of-نظام-جداول-الكلية-التقنية\node_modules\@babel\parser\lib\index.js:13373:10)
      at TypeScriptParserMixin.parseFunctionBody (C:\Users\ADMIN\Desktop\last-version-of-نظام-جداول-الكلية-التقنية\node_modules\@babel\parser\lib\index.js:12174:24)
      at TypeScriptParserMixin.parseArrowExpression (C:\Users\ADMIN\Desktop\last-version-of-نظام-جداول-الكلية-التقنية\node_modules\@babel\parser\lib\index.js:12149:10)
      at TypeScriptParserMixin.parseParenAndDistinguishExpression (C:\Users\ADMIN\Desktop\last-version-of-نظام-جداول-الكلية-التقنية\node_modules\@babel\parser\lib\index.js:11759:12)
      at TypeScriptParserMixin.parseExprAtom (C:\Users\ADMIN\Desktop\last-version-of-نظام-جداول-الكلية-التقنية\node_modules\@babel\parser\lib\index.js:11395:23)
      at TypeScriptParserMixin.parseExprAtom (C:\Users\ADMIN\Desktop\last-version-of-نظام-جداول-الكلية-التقنية\node_modules\@babel\parser\lib\index.js:4793:20)
      at TypeScriptParserMixin.parseExprSubscripts (C:\Users\ADMIN\Desktop\last-version-of-نظام-جداول-الكلية-التقنية\node_modules\@babel\parser\lib\index.js:11145:23)
[2m٦:٣١:٤٧ م[22m [36m[1m[vite][22m[39m [90m[2m(client)[22m[39m [32mhmr update [39m[2m/pages/AdminScheduleEditor.tsx[22m
[2m٦:٣١:٤٧ م[22m [31m[1m[vite][22m[39m [31mInternal server error: C:\Users\ADMIN\Desktop\last-version-of-نظام-جداول-الكلية-التقنية\pages\AdminScheduleEditor.tsx: Adjacent JSX elements must be wrapped in an enclosing tag. Did you want a JSX fragment <>...</>? (640:4)

[0m [90m 638 |[31m         )}
 [90m 639 |[31m       [33m<[31m[33m/[31m[33mdiv[31m[33m>[31m
[31m[1m>[22m[31m[90m 640 |[31m     [33m<[31m[33m/[31m[33mdiv[31m[33m>[31m
 [90m     |[31m     [31m[1m^[22m[31m
 [90m 641 |[31m   )[33m;[31m
 [90m 642 |[31m }[33m;[31m
 [90m 643 |[31m[0m[39m
  Plugin: [35mvite:react-babel[39m
  File: [36mC:/Users/ADMIN/Desktop/last-version-of-نظام-جداول-الكلية-التقنية/pages/AdminScheduleEditor.tsx[39m:640:4
      at constructor (C:\Users\ADMIN\Desktop\last-version-of-نظام-جداول-الكلية-التقنية\node_modules\@babel\parser\lib\index.js:367:19)
      at TypeScriptParserMixin.raise (C:\Users\ADMIN\Desktop\last-version-of-نظام-جداول-الكلية-التقنية\node_modules\@babel\parser\lib\index.js:6624:19)
      at TypeScriptParserMixin.jsxParseElementAt (C:\Users\ADMIN\Desktop\last-version-of-نظام-جداول-الكلية-التقنية\node_modules\@babel\parser\lib\index.js:4771:18)
      at TypeScriptParserMixin.jsxParseElement (C:\Users\ADMIN\Desktop\last-version-of-نظام-جداول-الكلية-التقنية\node_modules\@babel\parser\lib\index.js:4778:17)
      at TypeScriptParserMixin.parseExprAtom (C:\Users\ADMIN\Desktop\last-version-of-نظام-جداول-الكلية-التقنية\node_modules\@babel\parser\lib\index.js:4788:19)
      at TypeScriptParserMixin.parseExprSubscripts (C:\Users\ADMIN\Desktop\last-version-of-نظام-جداول-الكلية-التقنية\node_modules\@babel\parser\lib\index.js:11145:23)
      at TypeScriptParserMixin.parseUpdate (C:\Users\ADMIN\Desktop\last-version-of-نظام-جداول-الكلية-التقنية\node_modules\@babel\parser\lib\index.js:11130:21)
      at TypeScriptParserMixin.parseMaybeUnary (C:\Users\ADMIN\Desktop\last-version-of-نظام-جداول-الكلية-التقنية\node_modules\@babel\parser\lib\index.js:11110:23)
      at TypeScriptParserMixin.parseMaybeUnary (C:\Users\ADMIN\Desktop\last-version-of-نظام-جداول-الكلية-التقنية\node_modules\@babel\parser\lib\index.js:9890:18)
      at TypeScriptParserMixin.parseMaybeUnaryOrPrivate (C:\Users\ADMIN\Desktop\last-version-of-نظام-جداول-الكلية-التقنية\node_modules\@babel\parser\lib\index.js:10963:61)
      at TypeScriptParserMixin.parseExprOps (C:\Users\ADMIN\Desktop\last-version-of-نظام-جداول-الكلية-التقنية\node_modules\@babel\parser\lib\index.js:10968:23)
      at TypeScriptParserMixin.parseMaybeConditional (C:\Users\ADMIN\Desktop\last-version-of-نظام-جداول-الكلية-التقنية\node_modules\@babel\parser\lib\index.js:10945:23)
      at TypeScriptParserMixin.parseMaybeAssign (C:\Users\ADMIN\Desktop\last-version-of-نظام-جداول-الكلية-التقنية\node_modules\@babel\parser\lib\index.js:10895:21)
      at C:\Users\ADMIN\Desktop\last-version-of-نظام-جداول-الكلية-التقنية\node_modules\@babel\parser\lib\index.js:9828:39
      at TypeScriptParserMixin.tryParse (C:\Users\ADMIN\Desktop\last-version-of-نظام-جداول-الكلية-التقنية\node_modules\@babel\parser\lib\index.js:6932:20)
      at TypeScriptParserMixin.parseMaybeAssign (C:\Users\ADMIN\Desktop\last-version-of-نظام-جداول-الكلية-التقنية\node_modules\@babel\parser\lib\index.js:9828:18)
      at C:\Users\ADMIN\Desktop\last-version-of-نظام-جداول-الكلية-التقنية\node_modules\@babel\parser\lib\index.js:10864:39
      at TypeScriptParserMixin.allowInAnd (C:\Users\ADMIN\Desktop\last-version-of-نظام-جداول-الكلية-التقنية\node_modules\@babel\parser\lib\index.js:12500:12)
      at TypeScriptParserMixin.parseMaybeAssignAllowIn (C:\Users\ADMIN\Desktop\last-version-of-نظام-جداول-الكلية-التقنية\node_modules\@babel\parser\lib\index.js:10864:17)
      at TypeScriptParserMixin.parseMaybeAssignAllowInOrVoidPattern (C:\Users\ADMIN\Desktop\last-version-of-نظام-جداول-الكلية-التقنية\node_modules\@babel\parser\lib\index.js:12567:17)
      at TypeScriptParserMixin.parseParenAndDistinguishExpression (C:\Users\ADMIN\Desktop\last-version-of-نظام-جداول-الكلية-التقنية\node_modules\@babel\parser\lib\index.js:11747:28)
      at TypeScriptParserMixin.parseExprAtom (C:\Users\ADMIN\Desktop\last-version-of-نظام-جداول-الكلية-التقنية\node_modules\@babel\parser\lib\index.js:11395:23)
      at TypeScriptParserMixin.parseExprAtom (C:\Users\ADMIN\Desktop\last-version-of-نظام-جداول-الكلية-التقنية\node_modules\@babel\parser\lib\index.js:4793:20)
      at TypeScriptParserMixin.parseExprSubscripts (C:\Users\ADMIN\Desktop\last-version-of-نظام-جداول-الكلية-التقنية\node_modules\@babel\parser\lib\index.js:11145:23)
      at TypeScriptParserMixin.parseUpdate (C:\Users\ADMIN\Desktop\last-version-of-نظام-جداول-الكلية-التقنية\node_modules\@babel\parser\lib\index.js:11130:21)
      at TypeScriptParserMixin.parseMaybeUnary (C:\Users\ADMIN\Desktop\last-version-of-نظام-جداول-الكلية-التقنية\node_modules\@babel\parser\lib\index.js:11110:23)
      at TypeScriptParserMixin.parseMaybeUnary (C:\Users\ADMIN\Desktop\last-version-of-نظام-جداول-الكلية-التقنية\node_modules\@babel\parser\lib\index.js:9890:18)
      at TypeScriptParserMixin.parseMaybeUnaryOrPrivate (C:\Users\ADMIN\Desktop\last-version-of-نظام-جداول-الكلية-التقنية\node_modules\@babel\parser\lib\index.js:10963:61)
      at TypeScriptParserMixin.parseExprOps (C:\Users\ADMIN\Desktop\last-version-of-نظام-جداول-الكلية-التقنية\node_modules\@babel\parser\lib\index.js:10968:23)
      at TypeScriptParserMixin.parseMaybeConditional (C:\Users\ADMIN\Desktop\last-version-of-نظام-جداول-الكلية-التقنية\node_modules\@babel\parser\lib\index.js:10945:23)
      at TypeScriptParserMixin.parseMaybeAssign (C:\Users\ADMIN\Desktop\last-version-of-نظام-جداول-الكلية-التقنية\node_modules\@babel\parser\lib\index.js:10895:21)
      at TypeScriptParserMixin.parseMaybeAssign (C:\Users\ADMIN\Desktop\last-version-of-نظام-جداول-الكلية-التقنية\node_modules\@babel\parser\lib\index.js:9839:20)
      at TypeScriptParserMixin.parseExpressionBase (C:\Users\ADMIN\Desktop\last-version-of-نظام-جداول-الكلية-التقنية\node_modules\@babel\parser\lib\index.js:10848:23)
      at C:\Users\ADMIN\Desktop\last-version-of-نظام-جداول-الكلية-التقنية\node_modules\@babel\parser\lib\index.js:10844:39
      at TypeScriptParserMixin.allowInAnd (C:\Users\ADMIN\Desktop\last-version-of-نظام-جداول-الكلية-التقنية\node_modules\@babel\parser\lib\index.js:12495:16)
      at TypeScriptParserMixin.parseExpression (C:\Users\ADMIN\Desktop\last-version-of-نظام-جداول-الكلية-التقنية\node_modules\@babel\parser\lib\index.js:10844:17)
      at TypeScriptParserMixin.parseReturnStatement (C:\Users\ADMIN\Desktop\last-version-of-نظام-جداول-الكلية-التقنية\node_modules\@babel\parser\lib\index.js:13218:28)
      at TypeScriptParserMixin.parseStatementContent (C:\Users\ADMIN\Desktop\last-version-of-نظام-جداول-الكلية-التقنية\node_modules\@babel\parser\lib\index.js:12874:21)
      at TypeScriptParserMixin.parseStatementContent (C:\Users\ADMIN\Desktop\last-version-of-نظام-جداول-الكلية-التقنية\node_modules\@babel\parser\lib\index.js:9569:18)
      at TypeScriptParserMixin.parseStatementLike (C:\Users\ADMIN\Desktop\last-version-of-نظام-جداول-الكلية-التقنية\node_modules\@babel\parser\lib\index.js:12843:17)
      at TypeScriptParserMixin.parseStatementListItem (C:\Users\ADMIN\Desktop\last-version-of-نظام-جداول-الكلية-التقنية\node_modules\@babel\parser\lib\index.js:12823:17)
      at TypeScriptParserMixin.parseBlockOrModuleBlockBody (C:\Users\ADMIN\Desktop\last-version-of-نظام-جداول-الكلية-التقنية\node_modules\@babel\parser\lib\index.js:13392:61)
      at TypeScriptParserMixin.parseBlockBody (C:\Users\ADMIN\Desktop\last-version-of-نظام-جداول-الكلية-التقنية\node_modules\@babel\parser\lib\index.js:13385:10)
      at TypeScriptParserMixin.parseBlock (C:\Users\ADMIN\Desktop\last-version-of-نظام-جداول-الكلية-التقنية\node_modules\@babel\parser\lib\index.js:13373:10)
      at TypeScriptParserMixin.parseFunctionBody (C:\Users\ADMIN\Desktop\last-version-of-نظام-جداول-الكلية-التقنية\node_modules\@babel\parser\lib\index.js:12174:24)
      at TypeScriptParserMixin.parseArrowExpression (C:\Users\ADMIN\Desktop\last-version-of-نظام-جداول-الكلية-التقنية\node_modules\@babel\parser\lib\index.js:12149:10)
      at TypeScriptParserMixin.parseParenAndDistinguishExpression (C:\Users\ADMIN\Desktop\last-version-of-نظام-جداول-الكلية-التقنية\node_modules\@babel\parser\lib\index.js:11759:12)
      at TypeScriptParserMixin.parseExprAtom (C:\Users\ADMIN\Desktop\last-version-of-نظام-جداول-الكلية-التقنية\node_modules\@babel\parser\lib\index.js:11395:23)
      at TypeScriptParserMixin.parseExprAtom (C:\Users\ADMIN\Desktop\last-version-of-نظام-جداول-الكلية-التقنية\node_modules\@babel\parser\lib\index.js:4793:20)
      at TypeScriptParserMixin.parseExprSubscripts (C:\Users\ADMIN\Desktop\last-version-of-نظام-جداول-الكلية-التقنية\node_modules\@babel\parser\lib\index.js:11145:23)
[2m٦:٣١:٥١ م[22m [36m[1m[vite][22m[39m [90m[2m(client)[22m[39m [32mhmr update [39m[2m/pages/AdminScheduleEditor.tsx[22m
[2m٦:٣١:٥١ م[22m [31m[1m[vite][22m[39m [31mInternal server error: C:\Users\ADMIN\Desktop\last-version-of-نظام-جداول-الكلية-التقنية\pages\AdminScheduleEditor.tsx: Adjacent JSX elements must be wrapped in an enclosing tag. Did you want a JSX fragment <>...</>? (640:4)

[0m [90m 638 |[31m         )}
 [90m 639 |[31m       [33m<[31m[33m/[31m[33mdiv[31m[33m>[31m
[31m[1m>[22m[31m[90m 640 |[31m     [33m<[31m[33m/[31m[33mdiv[31m[33m>[31m
 [90m     |[31m     [31m[1m^[22m[31m
 [90m 641 |[31m   )[33m;[31m
 [90m 642 |[31m }[33m;[31m
 [90m 643 |[31m[0m[39m
  Plugin: [35mvite:react-babel[39m
  File: [36mC:/Users/ADMIN/Desktop/last-version-of-نظام-جداول-الكلية-التقنية/pages/AdminScheduleEditor.tsx[39m:640:4
      at constructor (C:\Users\ADMIN\Desktop\last-version-of-نظام-جداول-الكلية-التقنية\node_modules\@babel\parser\lib\index.js:367:19)
      at TypeScriptParserMixin.raise (C:\Users\ADMIN\Desktop\last-version-of-نظام-جداول-الكلية-التقنية\node_modules\@babel\parser\lib\index.js:6624:19)
      at TypeScriptParserMixin.jsxParseElementAt (C:\Users\ADMIN\Desktop\last-version-of-نظام-جداول-الكلية-التقنية\node_modules\@babel\parser\lib\index.js:4771:18)
      at TypeScriptParserMixin.jsxParseElement (C:\Users\ADMIN\Desktop\last-version-of-نظام-جداول-الكلية-التقنية\node_modules\@babel\parser\lib\index.js:4778:17)
      at TypeScriptParserMixin.parseExprAtom (C:\Users\ADMIN\Desktop\last-version-of-نظام-جداول-الكلية-التقنية\node_modules\@babel\parser\lib\index.js:4788:19)
      at TypeScriptParserMixin.parseExprSubscripts (C:\Users\ADMIN\Desktop\last-version-of-نظام-جداول-الكلية-التقنية\node_modules\@babel\parser\lib\index.js:11145:23)
      at TypeScriptParserMixin.parseUpdate (C:\Users\ADMIN\Desktop\last-version-of-نظام-جداول-الكلية-التقنية\node_modules\@babel\parser\lib\index.js:11130:21)
      at TypeScriptParserMixin.parseMaybeUnary (C:\Users\ADMIN\Desktop\last-version-of-نظام-جداول-الكلية-التقنية\node_modules\@babel\parser\lib\index.js:11110:23)
      at TypeScriptParserMixin.parseMaybeUnary (C:\Users\ADMIN\Desktop\last-version-of-نظام-جداول-الكلية-التقنية\node_modules\@babel\parser\lib\index.js:9890:18)
      at TypeScriptParserMixin.parseMaybeUnaryOrPrivate (C:\Users\ADMIN\Desktop\last-version-of-نظام-جداول-الكلية-التقنية\node_modules\@babel\parser\lib\index.js:10963:61)
      at TypeScriptParserMixin.parseExprOps (C:\Users\ADMIN\Desktop\last-version-of-نظام-جداول-الكلية-التقنية\node_modules\@babel\parser\lib\index.js:10968:23)
      at TypeScriptParserMixin.parseMaybeConditional (C:\Users\ADMIN\Desktop\last-version-of-نظام-جداول-الكلية-التقنية\node_modules\@babel\parser\lib\index.js:10945:23)
      at TypeScriptParserMixin.parseMaybeAssign (C:\Users\ADMIN\Desktop\last-version-of-نظام-جداول-الكلية-التقنية\node_modules\@babel\parser\lib\index.js:10895:21)
      at C:\Users\ADMIN\Desktop\last-version-of-نظام-جداول-الكلية-التقنية\node_modules\@babel\parser\lib\index.js:9828:39
      at TypeScriptParserMixin.tryParse (C:\Users\ADMIN\Desktop\last-version-of-نظام-جداول-الكلية-التقنية\node_modules\@babel\parser\lib\index.js:6932:20)
      at TypeScriptParserMixin.parseMaybeAssign (C:\Users\ADMIN\Desktop\last-version-of-نظام-جداول-الكلية-التقنية\node_modules\@babel\parser\lib\index.js:9828:18)
      at C:\Users\ADMIN\Desktop\last-version-of-نظام-جداول-الكلية-التقنية\node_modules\@babel\parser\lib\index.js:10864:39
      at TypeScriptParserMixin.allowInAnd (C:\Users\ADMIN\Desktop\last-version-of-نظام-جداول-الكلية-التقنية\node_modules\@babel\parser\lib\index.js:12500:12)
      at TypeScriptParserMixin.parseMaybeAssignAllowIn (C:\Users\ADMIN\Desktop\last-version-of-نظام-جداول-الكلية-التقنية\node_modules\@babel\parser\lib\index.js:10864:17)
      at TypeScriptParserMixin.parseMaybeAssignAllowInOrVoidPattern (C:\Users\ADMIN\Desktop\last-version-of-نظام-جداول-الكلية-التقنية\node_modules\@babel\parser\lib\index.js:12567:17)
      at TypeScriptParserMixin.parseParenAndDistinguishExpression (C:\Users\ADMIN\Desktop\last-version-of-نظام-جداول-الكلية-التقنية\node_modules\@babel\parser\lib\index.js:11747:28)
      at TypeScriptParserMixin.parseExprAtom (C:\Users\ADMIN\Desktop\last-version-of-نظام-جداول-الكلية-التقنية\node_modules\@babel\parser\lib\index.js:11395:23)
      at TypeScriptParserMixin.parseExprAtom (C:\Users\ADMIN\Desktop\last-version-of-نظام-جداول-الكلية-التقنية\node_modules\@babel\parser\lib\index.js:4793:20)
      at TypeScriptParserMixin.parseExprSubscripts (C:\Users\ADMIN\Desktop\last-version-of-نظام-جداول-الكلية-التقنية\node_modules\@babel\parser\lib\index.js:11145:23)
      at TypeScriptParserMixin.parseUpdate (C:\Users\ADMIN\Desktop\last-version-of-نظام-جداول-الكلية-التقنية\node_modules\@babel\parser\lib\index.js:11130:21)
      at TypeScriptParserMixin.parseMaybeUnary (C:\Users\ADMIN\Desktop\last-version-of-نظام-جداول-الكلية-التقنية\node_modules\@babel\parser\lib\index.js:11110:23)
      at TypeScriptParserMixin.parseMaybeUnary (C:\Users\ADMIN\Desktop\last-version-of-نظام-جداول-الكلية-التقنية\node_modules\@babel\parser\lib\index.js:9890:18)
      at TypeScriptParserMixin.parseMaybeUnaryOrPrivate (C:\Users\ADMIN\Desktop\last-version-of-نظام-جداول-الكلية-التقنية\node_modules\@babel\parser\lib\index.js:10963:61)
      at TypeScriptParserMixin.parseExprOps (C:\Users\ADMIN\Desktop\last-version-of-نظام-جداول-الكلية-التقنية\node_modules\@babel\parser\lib\index.js:10968:23)
      at TypeScriptParserMixin.parseMaybeConditional (C:\Users\ADMIN\Desktop\last-version-of-نظام-جداول-الكلية-التقنية\node_modules\@babel\parser\lib\index.js:10945:23)
      at TypeScriptParserMixin.parseMaybeAssign (C:\Users\ADMIN\Desktop\last-version-of-نظام-جداول-الكلية-التقنية\node_modules\@babel\parser\lib\index.js:10895:21)
      at TypeScriptParserMixin.parseMaybeAssign (C:\Users\ADMIN\Desktop\last-version-of-نظام-جداول-الكلية-التقنية\node_modules\@babel\parser\lib\index.js:9839:20)
      at TypeScriptParserMixin.parseExpressionBase (C:\Users\ADMIN\Desktop\last-version-of-نظام-جداول-الكلية-التقنية\node_modules\@babel\parser\lib\index.js:10848:23)
      at C:\Users\ADMIN\Desktop\last-version-of-نظام-جداول-الكلية-التقنية\node_modules\@babel\parser\lib\index.js:10844:39
      at TypeScriptParserMixin.allowInAnd (C:\Users\ADMIN\Desktop\last-version-of-نظام-جداول-الكلية-التقنية\node_modules\@babel\parser\lib\index.js:12495:16)
      at TypeScriptParserMixin.parseExpression (C:\Users\ADMIN\Desktop\last-version-of-نظام-جداول-الكلية-التقنية\node_modules\@babel\parser\lib\index.js:10844:17)
      at TypeScriptParserMixin.parseReturnStatement (C:\Users\ADMIN\Desktop\last-version-of-نظام-جداول-الكلية-التقنية\node_modules\@babel\parser\lib\index.js:13218:28)
      at TypeScriptParserMixin.parseStatementContent (C:\Users\ADMIN\Desktop\last-version-of-نظام-جداول-الكلية-التقنية\node_modules\@babel\parser\lib\index.js:12874:21)
      at TypeScriptParserMixin.parseStatementContent (C:\Users\ADMIN\Desktop\last-version-of-نظام-جداول-الكلية-التقنية\node_modules\@babel\parser\lib\index.js:9569:18)
      at TypeScriptParserMixin.parseStatementLike (C:\Users\ADMIN\Desktop\last-version-of-نظام-جداول-الكلية-التقنية\node_modules\@babel\parser\lib\index.js:12843:17)
      at TypeScriptParserMixin.parseStatementListItem (C:\Users\ADMIN\Desktop\last-version-of-نظام-جداول-الكلية-التقنية\node_modules\@babel\parser\lib\index.js:12823:17)
      at TypeScriptParserMixin.parseBlockOrModuleBlockBody (C:\Users\ADMIN\Desktop\last-version-of-نظام-جداول-الكلية-التقنية\node_modules\@babel\parser\lib\index.js:13392:61)
      at TypeScriptParserMixin.parseBlockBody (C:\Users\ADMIN\Desktop\last-version-of-نظام-جداول-الكلية-التقنية\node_modules\@babel\parser\lib\index.js:13385:10)
      at TypeScriptParserMixin.parseBlock (C:\Users\ADMIN\Desktop\last-version-of-نظام-جداول-الكلية-التقنية\node_modules\@babel\parser\lib\index.js:13373:10)
      at TypeScriptParserMixin.parseFunctionBody (C:\Users\ADMIN\Desktop\last-version-of-نظام-جداول-الكلية-التقنية\node_modules\@babel\parser\lib\index.js:12174:24)
      at TypeScriptParserMixin.parseArrowExpression (C:\Users\ADMIN\Desktop\last-version-of-نظام-جداول-الكلية-التقنية\node_modules\@babel\parser\lib\index.js:12149:10)
      at TypeScriptParserMixin.parseParenAndDistinguishExpression (C:\Users\ADMIN\Desktop\last-version-of-نظام-جداول-الكلية-التقنية\node_modules\@babel\parser\lib\index.js:11759:12)
      at TypeScriptParserMixin.parseExprAtom (C:\Users\ADMIN\Desktop\last-version-of-نظام-جداول-الكلية-التقنية\node_modules\@babel\parser\lib\index.js:11395:23)
      at TypeScriptParserMixin.parseExprAtom (C:\Users\ADMIN\Desktop\last-version-of-نظام-جداول-الكلية-التقنية\node_modules\@babel\parser\lib\index.js:4793:20)
      at TypeScriptParserMixin.parseExprSubscripts (C:\Users\ADMIN\Desktop\last-version-of-نظام-جداول-الكلية-التقنية\node_modules\@babel\parser\lib\index.js:11145:23)
[2m٦:٣٢:٠٣ م[22m [36m[1m[vite][22m[39m [90m[2m(client)[22m[39m [32mhmr update [39m[2m/pages/AdminScheduleEditor.tsx[22m
[2m٦:٣٢:٠٤ م[22m [31m[1m[vite][22m[39m [31mInternal server error: C:\Users\ADMIN\Desktop\last-version-of-نظام-جداول-الكلية-التقنية\pages\AdminScheduleEditor.tsx: Adjacent JSX elements must be wrapped in an enclosing tag. Did you want a JSX fragment <>...</>? (640:4)

[0m [90m 638 |[31m         )}
 [90m 639 |[31m       [33m<[31m[33m/[31m[33mdiv[31m[33m>[31m
[31m[1m>[22m[31m[90m 640 |[31m     [33m<[31m[33m/[31m[33mdiv[31m[33m>[31m
 [90m     |[31m     [31m[1m^[22m[31m
 [90m 641 |[31m   )[33m;[31m
 [90m 642 |[31m }[33m;[31m
 [90m 643 |[31m[0m[39m
  Plugin: [35mvite:react-babel[39m
  File: [36mC:/Users/ADMIN/Desktop/last-version-of-نظام-جداول-الكلية-التقنية/pages/AdminScheduleEditor.tsx[39m:640:4
      at constructor (C:\Users\ADMIN\Desktop\last-version-of-نظام-جداول-الكلية-التقنية\node_modules\@babel\parser\lib\index.js:367:19)
      at TypeScriptParserMixin.raise (C:\Users\ADMIN\Desktop\last-version-of-نظام-جداول-الكلية-التقنية\node_modules\@babel\parser\lib\index.js:6624:19)
      at TypeScriptParserMixin.jsxParseElementAt (C:\Users\ADMIN\Desktop\last-version-of-نظام-جداول-الكلية-التقنية\node_modules\@babel\parser\lib\index.js:4771:18)
      at TypeScriptParserMixin.jsxParseElement (C:\Users\ADMIN\Desktop\last-version-of-نظام-جداول-الكلية-التقنية\node_modules\@babel\parser\lib\index.js:4778:17)
      at TypeScriptParserMixin.parseExprAtom (C:\Users\ADMIN\Desktop\last-version-of-نظام-جداول-الكلية-التقنية\node_modules\@babel\parser\lib\index.js:4788:19)
      at TypeScriptParserMixin.parseExprSubscripts (C:\Users\ADMIN\Desktop\last-version-of-نظام-جداول-الكلية-التقنية\node_modules\@babel\parser\lib\index.js:11145:23)
      at TypeScriptParserMixin.parseUpdate (C:\Users\ADMIN\Desktop\last-version-of-نظام-جداول-الكلية-التقنية\node_modules\@babel\parser\lib\index.js:11130:21)
      at TypeScriptParserMixin.parseMaybeUnary (C:\Users\ADMIN\Desktop\last-version-of-نظام-جداول-الكلية-التقنية\node_modules\@babel\parser\lib\index.js:11110:23)
      at TypeScriptParserMixin.parseMaybeUnary (C:\Users\ADMIN\Desktop\last-version-of-نظام-جداول-الكلية-التقنية\node_modules\@babel\parser\lib\index.js:9890:18)
      at TypeScriptParserMixin.parseMaybeUnaryOrPrivate (C:\Users\ADMIN\Desktop\last-version-of-نظام-جداول-الكلية-التقنية\node_modules\@babel\parser\lib\index.js:10963:61)
      at TypeScriptParserMixin.parseExprOps (C:\Users\ADMIN\Desktop\last-version-of-نظام-جداول-الكلية-التقنية\node_modules\@babel\parser\lib\index.js:10968:23)
      at TypeScriptParserMixin.parseMaybeConditional (C:\Users\ADMIN\Desktop\last-version-of-نظام-جداول-الكلية-التقنية\node_modules\@babel\parser\lib\index.js:10945:23)
      at TypeScriptParserMixin.parseMaybeAssign (C:\Users\ADMIN\Desktop\last-version-of-نظام-جداول-الكلية-التقنية\node_modules\@babel\parser\lib\index.js:10895:21)
      at C:\Users\ADMIN\Desktop\last-version-of-نظام-جداول-الكلية-التقنية\node_modules\@babel\parser\lib\index.js:9828:39
      at TypeScriptParserMixin.tryParse (C:\Users\ADMIN\Desktop\last-version-of-نظام-جداول-الكلية-التقنية\node_modules\@babel\parser\lib\index.js:6932:20)
      at TypeScriptParserMixin.parseMaybeAssign (C:\Users\ADMIN\Desktop\last-version-of-نظام-جداول-الكلية-التقنية\node_modules\@babel\parser\lib\index.js:9828:18)
      at C:\Users\ADMIN\Desktop\last-version-of-نظام-جداول-الكلية-التقنية\node_modules\@babel\parser\lib\index.js:10864:39
      at TypeScriptParserMixin.allowInAnd (C:\Users\ADMIN\Desktop\last-version-of-نظام-جداول-الكلية-التقنية\node_modules\@babel\parser\lib\index.js:12500:12)
      at TypeScriptParserMixin.parseMaybeAssignAllowIn (C:\Users\ADMIN\Desktop\last-version-of-نظام-جداول-الكلية-التقنية\node_modules\@babel\parser\lib\index.js:10864:17)
      at TypeScriptParserMixin.parseMaybeAssignAllowInOrVoidPattern (C:\Users\ADMIN\Desktop\last-version-of-نظام-جداول-الكلية-التقنية\node_modules\@babel\parser\lib\index.js:12567:17)
      at TypeScriptParserMixin.parseParenAndDistinguishExpression (C:\Users\ADMIN\Desktop\last-version-of-نظام-جداول-الكلية-التقنية\node_modules\@babel\parser\lib\index.js:11747:28)
      at TypeScriptParserMixin.parseExprAtom (C:\Users\ADMIN\Desktop\last-version-of-نظام-جداول-الكلية-التقنية\node_modules\@babel\parser\lib\index.js:11395:23)
      at TypeScriptParserMixin.parseExprAtom (C:\Users\ADMIN\Desktop\last-version-of-نظام-جداول-الكلية-التقنية\node_modules\@babel\parser\lib\index.js:4793:20)
      at TypeScriptParserMixin.parseExprSubscripts (C:\Users\ADMIN\Desktop\last-version-of-نظام-جداول-الكلية-التقنية\node_modules\@babel\parser\lib\index.js:11145:23)
      at TypeScriptParserMixin.parseUpdate (C:\Users\ADMIN\Desktop\last-version-of-نظام-جداول-الكلية-التقنية\node_modules\@babel\parser\lib\index.js:11130:21)
      at TypeScriptParserMixin.parseMaybeUnary (C:\Users\ADMIN\Desktop\last-version-of-نظام-جداول-الكلية-التقنية\node_modules\@babel\parser\lib\index.js:11110:23)
      at TypeScriptParserMixin.parseMaybeUnary (C:\Users\ADMIN\Desktop\last-version-of-نظام-جداول-الكلية-التقنية\node_modules\@babel\parser\lib\index.js:9890:18)
      at TypeScriptParserMixin.parseMaybeUnaryOrPrivate (C:\Users\ADMIN\Desktop\last-version-of-نظام-جداول-الكلية-التقنية\node_modules\@babel\parser\lib\index.js:10963:61)
      at TypeScriptParserMixin.parseExprOps (C:\Users\ADMIN\Desktop\last-version-of-نظام-جداول-الكلية-التقنية\node_modules\@babel\parser\lib\index.js:10968:23)
      at TypeScriptParserMixin.parseMaybeConditional (C:\Users\ADMIN\Desktop\last-version-of-نظام-جداول-الكلية-التقنية\node_modules\@babel\parser\lib\index.js:10945:23)
      at TypeScriptParserMixin.parseMaybeAssign (C:\Users\ADMIN\Desktop\last-version-of-نظام-جداول-الكلية-التقنية\node_modules\@babel\parser\lib\index.js:10895:21)
      at TypeScriptParserMixin.parseMaybeAssign (C:\Users\ADMIN\Desktop\last-version-of-نظام-جداول-الكلية-التقنية\node_modules\@babel\parser\lib\index.js:9839:20)
      at TypeScriptParserMixin.parseExpressionBase (C:\Users\ADMIN\Desktop\last-version-of-نظام-جداول-الكلية-التقنية\node_modules\@babel\parser\lib\index.js:10848:23)
      at C:\Users\ADMIN\Desktop\last-version-of-نظام-جداول-الكلية-التقنية\node_modules\@babel\parser\lib\index.js:10844:39
      at TypeScriptParserMixin.allowInAnd (C:\Users\ADMIN\Desktop\last-version-of-نظام-جداول-الكلية-التقنية\node_modules\@babel\parser\lib\index.js:12495:16)
      at TypeScriptParserMixin.parseExpression (C:\Users\ADMIN\Desktop\last-version-of-نظام-جداول-الكلية-التقنية\node_modules\@babel\parser\lib\index.js:10844:17)
      at TypeScriptParserMixin.parseReturnStatement (C:\Users\ADMIN\Desktop\last-version-of-نظام-جداول-الكلية-التقنية\node_modules\@babel\parser\lib\index.js:13218:28)
      at TypeScriptParserMixin.parseStatementContent (C:\Users\ADMIN\Desktop\last-version-of-نظام-جداول-الكلية-التقنية\node_modules\@babel\parser\lib\index.js:12874:21)
      at TypeScriptParserMixin.parseStatementContent (C:\Users\ADMIN\Desktop\last-version-of-نظام-جداول-الكلية-التقنية\node_modules\@babel\parser\lib\index.js:9569:18)
      at TypeScriptParserMixin.parseStatementLike (C:\Users\ADMIN\Desktop\last-version-of-نظام-جداول-الكلية-التقنية\node_modules\@babel\parser\lib\index.js:12843:17)
      at TypeScriptParserMixin.parseStatementListItem (C:\Users\ADMIN\Desktop\last-version-of-نظام-جداول-الكلية-التقنية\node_modules\@babel\parser\lib\index.js:12823:17)
      at TypeScriptParserMixin.parseBlockOrModuleBlockBody (C:\Users\ADMIN\Desktop\last-version-of-نظام-جداول-الكلية-التقنية\node_modules\@babel\parser\lib\index.js:13392:61)
      at TypeScriptParserMixin.parseBlockBody (C:\Users\ADMIN\Desktop\last-version-of-نظام-جداول-الكلية-التقنية\node_modules\@babel\parser\lib\index.js:13385:10)
      at TypeScriptParserMixin.parseBlock (C:\Users\ADMIN\Desktop\last-version-of-نظام-جداول-الكلية-التقنية\node_modules\@babel\parser\lib\index.js:13373:10)
      at TypeScriptParserMixin.parseFunctionBody (C:\Users\ADMIN\Desktop\last-version-of-نظام-جداول-الكلية-التقنية\node_modules\@babel\parser\lib\index.js:12174:24)
      at TypeScriptParserMixin.parseArrowExpression (C:\Users\ADMIN\Desktop\last-version-of-نظام-جداول-الكلية-التقنية\node_modules\@babel\parser\lib\index.js:12149:10)
      at TypeScriptParserMixin.parseParenAndDistinguishExpression (C:\Users\ADMIN\Desktop\last-version-of-نظام-جداول-الكلية-التقنية\node_modules\@babel\parser\lib\index.js:11759:12)
      at TypeScriptParserMixin.parseExprAtom (C:\Users\ADMIN\Desktop\last-version-of-نظام-جداول-الكلية-التقنية\node_modules\@babel\parser\lib\index.js:11395:23)
      at TypeScriptParserMixin.parseExprAtom (C:\Users\ADMIN\Desktop\last-version-of-نظام-جداول-الكلية-التقنية\node_modules\@babel\parser\lib\index.js:4793:20)
      at TypeScriptParserMixin.parseExprSubscripts (C:\Users\ADMIN\Desktop\last-version-of-نظام-جداول-الكلية-التقنية\node_modules\@babel\parser\lib\index.js:11145:23)
[2m٦:٣٢:٢٧ م[22m [31m[1m[vite][22m[39m [31m[2m(client)[22m[39m Pre-transform error: C:\Users\ADMIN\Desktop\last-version-of-نظام-جداول-الكلية-التقنية\pages\AdminScheduleEditor.tsx: Adjacent JSX elements must be wrapped in an enclosing tag. Did you want a JSX fragment <>...</>? (640:4)

[0m [90m 638 |[39m         )}
 [90m 639 |[39m       [33m<[39m[33m/[39m[33mdiv[39m[33m>[39m
[31m[1m>[22m[39m[90m 640 |[39m     [33m<[39m[33m/[39m[33mdiv[39m[33m>[39m
 [90m     |[39m     [31m[1m^[22m[39m
 [90m 641 |[39m   )[33m;[39m
 [90m 642 |[39m }[33m;[39m
 [90m 643 |[39m[0m
  Plugin: [35mvite:react-babel[39m
  File: [36mC:/Users/ADMIN/Desktop/last-version-of-نظام-جداول-الكلية-التقنية/pages/AdminScheduleEditor.tsx[39m:640:4
[2m٦:٣٢:٢٨ م[22m [31m[1m[vite][22m[39m [31mInternal server error: C:\Users\ADMIN\Desktop\last-version-of-نظام-جداول-الكلية-التقنية\pages\AdminScheduleEditor.tsx: Adjacent JSX elements must be wrapped in an enclosing tag. Did you want a JSX fragment <>...</>? (640:4)

[0m [90m 638 |[31m         )}
 [90m 639 |[31m       [33m<[31m[33m/[31m[33mdiv[31m[33m>[31m
[31m[1m>[22m[31m[90m 640 |[31m     [33m<[31m[33m/[31m[33mdiv[31m[33m>[31m
 [90m     |[31m     [31m[1m^[22m[31m
 [90m 641 |[31m   )[33m;[31m
 [90m 642 |[31m }[33m;[31m
 [90m 643 |[31m[0m[39m
  Plugin: [35mvite:react-babel[39m
  File: [36mC:/Users/ADMIN/Desktop/last-version-of-نظام-جداول-الكلية-التقنية/pages/AdminScheduleEditor.tsx[39m:640:4
      at constructor (C:\Users\ADMIN\Desktop\last-version-of-نظام-جداول-الكلية-التقنية\node_modules\@babel\parser\lib\index.js:367:19)
      at TypeScriptParserMixin.raise (C:\Users\ADMIN\Desktop\last-version-of-نظام-جداول-الكلية-التقنية\node_modules\@babel\parser\lib\index.js:6624:19)
      at TypeScriptParserMixin.jsxParseElementAt (C:\Users\ADMIN\Desktop\last-version-of-نظام-جداول-الكلية-التقنية\node_modules\@babel\parser\lib\index.js:4771:18)
      at TypeScriptParserMixin.jsxParseElement (C:\Users\ADMIN\Desktop\last-version-of-نظام-جداول-الكلية-التقنية\node_modules\@babel\parser\lib\index.js:4778:17)
      at TypeScriptParserMixin.parseExprAtom (C:\Users\ADMIN\Desktop\last-version-of-نظام-جداول-الكلية-التقنية\node_modules\@babel\parser\lib\index.js:4788:19)
      at TypeScriptParserMixin.parseExprSubscripts (C:\Users\ADMIN\Desktop\last-version-of-نظام-جداول-الكلية-التقنية\node_modules\@babel\parser\lib\index.js:11145:23)
      at TypeScriptParserMixin.parseUpdate (C:\Users\ADMIN\Desktop\last-version-of-نظام-جداول-الكلية-التقنية\node_modules\@babel\parser\lib\index.js:11130:21)
      at TypeScriptParserMixin.parseMaybeUnary (C:\Users\ADMIN\Desktop\last-version-of-نظام-جداول-الكلية-التقنية\node_modules\@babel\parser\lib\index.js:11110:23)
      at TypeScriptParserMixin.parseMaybeUnary (C:\Users\ADMIN\Desktop\last-version-of-نظام-جداول-الكلية-التقنية\node_modules\@babel\parser\lib\index.js:9890:18)
      at TypeScriptParserMixin.parseMaybeUnaryOrPrivate (C:\Users\ADMIN\Desktop\last-version-of-نظام-جداول-الكلية-التقنية\node_modules\@babel\parser\lib\index.js:10963:61)
      at TypeScriptParserMixin.parseExprOps (C:\Users\ADMIN\Desktop\last-version-of-نظام-جداول-الكلية-التقنية\node_modules\@babel\parser\lib\index.js:10968:23)
      at TypeScriptParserMixin.parseMaybeConditional (C:\Users\ADMIN\Desktop\last-version-of-نظام-جداول-الكلية-التقنية\node_modules\@babel\parser\lib\index.js:10945:23)
      at TypeScriptParserMixin.parseMaybeAssign (C:\Users\ADMIN\Desktop\last-version-of-نظام-جداول-الكلية-التقنية\node_modules\@babel\parser\lib\index.js:10895:21)
      at C:\Users\ADMIN\Desktop\last-version-of-نظام-جداول-الكلية-التقنية\node_modules\@babel\parser\lib\index.js:9828:39
      at TypeScriptParserMixin.tryParse (C:\Users\ADMIN\Desktop\last-version-of-نظام-جداول-الكلية-التقنية\node_modules\@babel\parser\lib\index.js:6932:20)
      at TypeScriptParserMixin.parseMaybeAssign (C:\Users\ADMIN\Desktop\last-version-of-نظام-جداول-الكلية-التقنية\node_modules\@babel\parser\lib\index.js:9828:18)
      at C:\Users\ADMIN\Desktop\last-version-of-نظام-جداول-الكلية-التقنية\node_modules\@babel\parser\lib\index.js:10864:39
      at TypeScriptParserMixin.allowInAnd (C:\Users\ADMIN\Desktop\last-version-of-نظام-جداول-الكلية-التقنية\node_modules\@babel\parser\lib\index.js:12500:12)
      at TypeScriptParserMixin.parseMaybeAssignAllowIn (C:\Users\ADMIN\Desktop\last-version-of-نظام-جداول-الكلية-التقنية\node_modules\@babel\parser\lib\index.js:10864:17)
      at TypeScriptParserMixin.parseMaybeAssignAllowInOrVoidPattern (C:\Users\ADMIN\Desktop\last-version-of-نظام-جداول-الكلية-التقنية\node_modules\@babel\parser\lib\index.js:12567:17)
      at TypeScriptParserMixin.parseParenAndDistinguishExpression (C:\Users\ADMIN\Desktop\last-version-of-نظام-جداول-الكلية-التقنية\node_modules\@babel\parser\lib\index.js:11747:28)
      at TypeScriptParserMixin.parseExprAtom (C:\Users\ADMIN\Desktop\last-version-of-نظام-جداول-الكلية-التقنية\node_modules\@babel\parser\lib\index.js:11395:23)
      at TypeScriptParserMixin.parseExprAtom (C:\Users\ADMIN\Desktop\last-version-of-نظام-جداول-الكلية-التقنية\node_modules\@babel\parser\lib\index.js:4793:20)
      at TypeScriptParserMixin.parseExprSubscripts (C:\Users\ADMIN\Desktop\last-version-of-نظام-جداول-الكلية-التقنية\node_modules\@babel\parser\lib\index.js:11145:23)
      at TypeScriptParserMixin.parseUpdate (C:\Users\ADMIN\Desktop\last-version-of-نظام-جداول-الكلية-التقنية\node_modules\@babel\parser\lib\index.js:11130:21)
      at TypeScriptParserMixin.parseMaybeUnary (C:\Users\ADMIN\Desktop\last-version-of-نظام-جداول-الكلية-التقنية\node_modules\@babel\parser\lib\index.js:11110:23)
      at TypeScriptParserMixin.parseMaybeUnary (C:\Users\ADMIN\Desktop\last-version-of-نظام-جداول-الكلية-التقنية\node_modules\@babel\parser\lib\index.js:9890:18)
      at TypeScriptParserMixin.parseMaybeUnaryOrPrivate (C:\Users\ADMIN\Desktop\last-version-of-نظام-جداول-الكلية-التقنية\node_modules\@babel\parser\lib\index.js:10963:61)
      at TypeScriptParserMixin.parseExprOps (C:\Users\ADMIN\Desktop\last-version-of-نظام-جداول-الكلية-التقنية\node_modules\@babel\parser\lib\index.js:10968:23)
      at TypeScriptParserMixin.parseMaybeConditional (C:\Users\ADMIN\Desktop\last-version-of-نظام-جداول-الكلية-التقنية\node_modules\@babel\parser\lib\index.js:10945:23)
      at TypeScriptParserMixin.parseMaybeAssign (C:\Users\ADMIN\Desktop\last-version-of-نظام-جداول-الكلية-التقنية\node_modules\@babel\parser\lib\index.js:10895:21)
      at TypeScriptParserMixin.parseMaybeAssign (C:\Users\ADMIN\Desktop\last-version-of-نظام-جداول-الكلية-التقنية\node_modules\@babel\parser\lib\index.js:9839:20)
      at TypeScriptParserMixin.parseExpressionBase (C:\Users\ADMIN\Desktop\last-version-of-نظام-جداول-الكلية-التقنية\node_modules\@babel\parser\lib\index.js:10848:23)
      at C:\Users\ADMIN\Desktop\last-version-of-نظام-جداول-الكلية-التقنية\node_modules\@babel\parser\lib\index.js:10844:39
      at TypeScriptParserMixin.allowInAnd (C:\Users\ADMIN\Desktop\last-version-of-نظام-جداول-الكلية-التقنية\node_modules\@babel\parser\lib\index.js:12495:16)
      at TypeScriptParserMixin.parseExpression (C:\Users\ADMIN\Desktop\last-version-of-نظام-جداول-الكلية-التقنية\node_modules\@babel\parser\lib\index.js:10844:17)
      at TypeScriptParserMixin.parseReturnStatement (C:\Users\ADMIN\Desktop\last-version-of-نظام-جداول-الكلية-التقنية\node_modules\@babel\parser\lib\index.js:13218:28)
      at TypeScriptParserMixin.parseStatementContent (C:\Users\ADMIN\Desktop\last-version-of-نظام-جداول-الكلية-التقنية\node_modules\@babel\parser\lib\index.js:12874:21)
      at TypeScriptParserMixin.parseStatementContent (C:\Users\ADMIN\Desktop\last-version-of-نظام-جداول-الكلية-التقنية\node_modules\@babel\parser\lib\index.js:9569:18)
      at TypeScriptParserMixin.parseStatementLike (C:\Users\ADMIN\Desktop\last-version-of-نظام-جداول-الكلية-التقنية\node_modules\@babel\parser\lib\index.js:12843:17)
      at TypeScriptParserMixin.parseStatementListItem (C:\Users\ADMIN\Desktop\last-version-of-نظام-جداول-الكلية-التقنية\node_modules\@babel\parser\lib\index.js:12823:17)
      at TypeScriptParserMixin.parseBlockOrModuleBlockBody (C:\Users\ADMIN\Desktop\last-version-of-نظام-جداول-الكلية-التقنية\node_modules\@babel\parser\lib\index.js:13392:61)
      at TypeScriptParserMixin.parseBlockBody (C:\Users\ADMIN\Desktop\last-version-of-نظام-جداول-الكلية-التقنية\node_modules\@babel\parser\lib\index.js:13385:10)
      at TypeScriptParserMixin.parseBlock (C:\Users\ADMIN\Desktop\last-version-of-نظام-جداول-الكلية-التقنية\node_modules\@babel\parser\lib\index.js:13373:10)
      at TypeScriptParserMixin.parseFunctionBody (C:\Users\ADMIN\Desktop\last-version-of-نظام-جداول-الكلية-التقنية\node_modules\@babel\parser\lib\index.js:12174:24)
      at TypeScriptParserMixin.parseArrowExpression (C:\Users\ADMIN\Desktop\last-version-of-نظام-جداول-الكلية-التقنية\node_modules\@babel\parser\lib\index.js:12149:10)
      at TypeScriptParserMixin.parseParenAndDistinguishExpression (C:\Users\ADMIN\Desktop\last-version-of-نظام-جداول-الكلية-التقنية\node_modules\@babel\parser\lib\index.js:11759:12)
      at TypeScriptParserMixin.parseExprAtom (C:\Users\ADMIN\Desktop\last-version-of-نظام-جداول-الكلية-التقنية\node_modules\@babel\parser\lib\index.js:11395:23)
      at TypeScriptParserMixin.parseExprAtom (C:\Users\ADMIN\Desktop\last-version-of-نظام-جداول-الكلية-التقنية\node_modules\@babel\parser\lib\index.js:4793:20)
      at TypeScriptParserMixin.parseExprSubscripts (C:\Users\ADMIN\Desktop\last-version-of-نظام-جداول-الكلية-التقنية\node_modules\@babel\parser\lib\index.js:11145:23)
[2m٦:٣٢:٥٢ م[22m [36m[1m[vite][22m[39m [90m[2m(client)[22m[39m [32mhmr update [39m[2m/pages/AdminScheduleEditor.tsx[22m
[2m٦:٣٢:٥٢ م[22m [31m[1m[vite][22m[39m [31m[2m(client)[22m[39m Pre-transform error: C:\Users\ADMIN\Desktop\last-version-of-نظام-جداول-الكلية-التقنية\pages\AdminScheduleEditor.tsx: Adjacent JSX elements must be wrapped in an enclosing tag. Did you want a JSX fragment <>...</>? (641:4)

[0m [90m 639 |[39m         )}
 [90m 640 |[39m       [33m<[39m[33m/[39m[33mdiv[39m[33m>[39m
[31m[1m>[22m[39m[90m 641 |[39m     [33m<[39m[33m/[39m[33mdiv[39m[33m>[39m
 [90m     |[39m     [31m[1m^[22m[39m
 [90m 642 |[39m   )[33m;[39m
 [90m 643 |[39m }[33m;[39m
 [90m 644 |[39m[0m
  Plugin: [35mvite:react-babel[39m
  File: [36mC:/Users/ADMIN/Desktop/last-version-of-نظام-جداول-الكلية-التقنية/pages/AdminScheduleEditor.tsx[39m:641:4
[2m٦:٣٢:٥٢ م[22m [31m[1m[vite][22m[39m [31mInternal server error: C:\Users\ADMIN\Desktop\last-version-of-نظام-جداول-الكلية-التقنية\pages\AdminScheduleEditor.tsx: Adjacent JSX elements must be wrapped in an enclosing tag. Did you want a JSX fragment <>...</>? (641:4)

[0m [90m 639 |[31m         )}
 [90m 640 |[31m       [33m<[31m[33m/[31m[33mdiv[31m[33m>[31m
[31m[1m>[22m[31m[90m 641 |[31m     [33m<[31m[33m/[31m[33mdiv[31m[33m>[31m
 [90m     |[31m     [31m[1m^[22m[31m
 [90m 642 |[31m   )[33m;[31m
 [90m 643 |[31m }[33m;[31m
 [90m 644 |[31m[0m[39m
  Plugin: [35mvite:react-babel[39m
  File: [36mC:/Users/ADMIN/Desktop/last-version-of-نظام-جداول-الكلية-التقنية/pages/AdminScheduleEditor.tsx[39m:641:4
      at constructor (C:\Users\ADMIN\Desktop\last-version-of-نظام-جداول-الكلية-التقنية\node_modules\@babel\parser\lib\index.js:367:19)
      at TypeScriptParserMixin.raise (C:\Users\ADMIN\Desktop\last-version-of-نظام-جداول-الكلية-التقنية\node_modules\@babel\parser\lib\index.js:6624:19)
      at TypeScriptParserMixin.jsxParseElementAt (C:\Users\ADMIN\Desktop\last-version-of-نظام-جداول-الكلية-التقنية\node_modules\@babel\parser\lib\index.js:4771:18)
      at TypeScriptParserMixin.jsxParseElement (C:\Users\ADMIN\Desktop\last-version-of-نظام-جداول-الكلية-التقنية\node_modules\@babel\parser\lib\index.js:4778:17)
      at TypeScriptParserMixin.parseExprAtom (C:\Users\ADMIN\Desktop\last-version-of-نظام-جداول-الكلية-التقنية\node_modules\@babel\parser\lib\index.js:4788:19)
      at TypeScriptParserMixin.parseExprSubscripts (C:\Users\ADMIN\Desktop\last-version-of-نظام-جداول-الكلية-التقنية\node_modules\@babel\parser\lib\index.js:11145:23)
      at TypeScriptParserMixin.parseUpdate (C:\Users\ADMIN\Desktop\last-version-of-نظام-جداول-الكلية-التقنية\node_modules\@babel\parser\lib\index.js:11130:21)
      at TypeScriptParserMixin.parseMaybeUnary (C:\Users\ADMIN\Desktop\last-version-of-نظام-جداول-الكلية-التقنية\node_modules\@babel\parser\lib\index.js:11110:23)
      at TypeScriptParserMixin.parseMaybeUnary (C:\Users\ADMIN\Desktop\last-version-of-نظام-جداول-الكلية-التقنية\node_modules\@babel\parser\lib\index.js:9890:18)
      at TypeScriptParserMixin.parseMaybeUnaryOrPrivate (C:\Users\ADMIN\Desktop\last-version-of-نظام-جداول-الكلية-التقنية\node_modules\@babel\parser\lib\index.js:10963:61)
      at TypeScriptParserMixin.parseExprOps (C:\Users\ADMIN\Desktop\last-version-of-نظام-جداول-الكلية-التقنية\node_modules\@babel\parser\lib\index.js:10968:23)
      at TypeScriptParserMixin.parseMaybeConditional (C:\Users\ADMIN\Desktop\last-version-of-نظام-جداول-الكلية-التقنية\node_modules\@babel\parser\lib\index.js:10945:23)
      at TypeScriptParserMixin.parseMaybeAssign (C:\Users\ADMIN\Desktop\last-version-of-نظام-جداول-الكلية-التقنية\node_modules\@babel\parser\lib\index.js:10895:21)
      at C:\Users\ADMIN\Desktop\last-version-of-نظام-جداول-الكلية-التقنية\node_modules\@babel\parser\lib\index.js:9828:39
      at TypeScriptParserMixin.tryParse (C:\Users\ADMIN\Desktop\last-version-of-نظام-جداول-الكلية-التقنية\node_modules\@babel\parser\lib\index.js:6932:20)
      at TypeScriptParserMixin.parseMaybeAssign (C:\Users\ADMIN\Desktop\last-version-of-نظام-جداول-الكلية-التقنية\node_modules\@babel\parser\lib\index.js:9828:18)
      at C:\Users\ADMIN\Desktop\last-version-of-نظام-جداول-الكلية-التقنية\node_modules\@babel\parser\lib\index.js:10864:39
      at TypeScriptParserMixin.allowInAnd (C:\Users\ADMIN\Desktop\last-version-of-نظام-جداول-الكلية-التقنية\node_modules\@babel\parser\lib\index.js:12500:12)
      at TypeScriptParserMixin.parseMaybeAssignAllowIn (C:\Users\ADMIN\Desktop\last-version-of-نظام-جداول-الكلية-التقنية\node_modules\@babel\parser\lib\index.js:10864:17)
      at TypeScriptParserMixin.parseMaybeAssignAllowInOrVoidPattern (C:\Users\ADMIN\Desktop\last-version-of-نظام-جداول-الكلية-التقنية\node_modules\@babel\parser\lib\index.js:12567:17)
      at TypeScriptParserMixin.parseParenAndDistinguishExpression (C:\Users\ADMIN\Desktop\last-version-of-نظام-جداول-الكلية-التقنية\node_modules\@babel\parser\lib\index.js:11747:28)
      at TypeScriptParserMixin.parseExprAtom (C:\Users\ADMIN\Desktop\last-version-of-نظام-جداول-الكلية-التقنية\node_modules\@babel\parser\lib\index.js:11395:23)
      at TypeScriptParserMixin.parseExprAtom (C:\Users\ADMIN\Desktop\last-version-of-نظام-جداول-الكلية-التقنية\node_modules\@babel\parser\lib\index.js:4793:20)
      at TypeScriptParserMixin.parseExprSubscripts (C:\Users\ADMIN\Desktop\last-version-of-نظام-جداول-الكلية-التقنية\node_modules\@babel\parser\lib\index.js:11145:23)
      at TypeScriptParserMixin.parseUpdate (C:\Users\ADMIN\Desktop\last-version-of-نظام-جداول-الكلية-التقنية\node_modules\@babel\parser\lib\index.js:11130:21)
      at TypeScriptParserMixin.parseMaybeUnary (C:\Users\ADMIN\Desktop\last-version-of-نظام-جداول-الكلية-التقنية\node_modules\@babel\parser\lib\index.js:11110:23)
      at TypeScriptParserMixin.parseMaybeUnary (C:\Users\ADMIN\Desktop\last-version-of-نظام-جداول-الكلية-التقنية\node_modules\@babel\parser\lib\index.js:9890:18)
      at TypeScriptParserMixin.parseMaybeUnaryOrPrivate (C:\Users\ADMIN\Desktop\last-version-of-نظام-جداول-الكلية-التقنية\node_modules\@babel\parser\lib\index.js:10963:61)
      at TypeScriptParserMixin.parseExprOps (C:\Users\ADMIN\Desktop\last-version-of-نظام-جداول-الكلية-التقنية\node_modules\@babel\parser\lib\index.js:10968:23)
      at TypeScriptParserMixin.parseMaybeConditional (C:\Users\ADMIN\Desktop\last-version-of-نظام-جداول-الكلية-التقنية\node_modules\@babel\parser\lib\index.js:10945:23)
      at TypeScriptParserMixin.parseMaybeAssign (C:\Users\ADMIN\Desktop\last-version-of-نظام-جداول-الكلية-التقنية\node_modules\@babel\parser\lib\index.js:10895:21)
      at TypeScriptParserMixin.parseMaybeAssign (C:\Users\ADMIN\Desktop\last-version-of-نظام-جداول-الكلية-التقنية\node_modules\@babel\parser\lib\index.js:9839:20)
      at TypeScriptParserMixin.parseExpressionBase (C:\Users\ADMIN\Desktop\last-version-of-نظام-جداول-الكلية-التقنية\node_modules\@babel\parser\lib\index.js:10848:23)
      at C:\Users\ADMIN\Desktop\last-version-of-نظام-جداول-الكلية-التقنية\node_modules\@babel\parser\lib\index.js:10844:39
      at TypeScriptParserMixin.allowInAnd (C:\Users\ADMIN\Desktop\last-version-of-نظام-جداول-الكلية-التقنية\node_modules\@babel\parser\lib\index.js:12495:16)
      at TypeScriptParserMixin.parseExpression (C:\Users\ADMIN\Desktop\last-version-of-نظام-جداول-الكلية-التقنية\node_modules\@babel\parser\lib\index.js:10844:17)
      at TypeScriptParserMixin.parseReturnStatement (C:\Users\ADMIN\Desktop\last-version-of-نظام-جداول-الكلية-التقنية\node_modules\@babel\parser\lib\index.js:13218:28)
      at TypeScriptParserMixin.parseStatementContent (C:\Users\ADMIN\Desktop\last-version-of-نظام-جداول-الكلية-التقنية\node_modules\@babel\parser\lib\index.js:12874:21)
      at TypeScriptParserMixin.parseStatementContent (C:\Users\ADMIN\Desktop\last-version-of-نظام-جداول-الكلية-التقنية\node_modules\@babel\parser\lib\index.js:9569:18)
      at TypeScriptParserMixin.parseStatementLike (C:\Users\ADMIN\Desktop\last-version-of-نظام-جداول-الكلية-التقنية\node_modules\@babel\parser\lib\index.js:12843:17)
      at TypeScriptParserMixin.parseStatementListItem (C:\Users\ADMIN\Desktop\last-version-of-نظام-جداول-الكلية-التقنية\node_modules\@babel\parser\lib\index.js:12823:17)
      at TypeScriptParserMixin.parseBlockOrModuleBlockBody (C:\Users\ADMIN\Desktop\last-version-of-نظام-جداول-الكلية-التقنية\node_modules\@babel\parser\lib\index.js:13392:61)
      at TypeScriptParserMixin.parseBlockBody (C:\Users\ADMIN\Desktop\last-version-of-نظام-جداول-الكلية-التقنية\node_modules\@babel\parser\lib\index.js:13385:10)
      at TypeScriptParserMixin.parseBlock (C:\Users\ADMIN\Desktop\last-version-of-نظام-جداول-الكلية-التقنية\node_modules\@babel\parser\lib\index.js:13373:10)
      at TypeScriptParserMixin.parseFunctionBody (C:\Users\ADMIN\Desktop\last-version-of-نظام-جداول-الكلية-التقنية\node_modules\@babel\parser\lib\index.js:12174:24)
      at TypeScriptParserMixin.parseArrowExpression (C:\Users\ADMIN\Desktop\last-version-of-نظام-جداول-الكلية-التقنية\node_modules\@babel\parser\lib\index.js:12149:10)
      at TypeScriptParserMixin.parseParenAndDistinguishExpression (C:\Users\ADMIN\Desktop\last-version-of-نظام-جداول-الكلية-التقنية\node_modules\@babel\parser\lib\index.js:11759:12)
      at TypeScriptParserMixin.parseExprAtom (C:\Users\ADMIN\Desktop\last-version-of-نظام-جداول-الكلية-التقنية\node_modules\@babel\parser\lib\index.js:11395:23)
      at TypeScriptParserMixin.parseExprAtom (C:\Users\ADMIN\Desktop\last-version-of-نظام-جداول-الكلية-التقنية\node_modules\@babel\parser\lib\index.js:4793:20)
      at TypeScriptParserMixin.parseExprSubscripts (C:\Users\ADMIN\Desktop\last-version-of-نظام-جداول-الكلية-التقنية\node_modules\@babel\parser\lib\index.js:11145:23)
[2m٦:٣٣:٠٠ م[22m [36m[1m[vite][22m[39m [90m[2m(client)[22m[39m [32mhmr update [39m[2m/pages/AdminScheduleEditor.tsx[22m
