Server running on port 3001

=================================================
📡 Backend URL: http://192.168.8.244:3001
🌍 Frontend Share Link: http://192.168.8.244:3000
=================================================

✅ Connected to PostgreSQL database
📅 Server time: 2025-12-29T14:11:42.694Z
✅ Database tables initialized successfully
[٥:١٢:٢٨ م] 📥 Received sync request (Committees: 160)
[٥:١٢:٣٠ م] ✅ Database synchronized successfully
[٦:١٤:٣٧ م] 📥 Received sync request (Committees: 160)
[٦:١٤:٣٩ م] ✅ Database synchronized successfully
[٦:٢٤:٥٨ م] 📥 Received sync request (Committees: 160)
[٦:٢٥:٠٠ م] ✅ Database synchronized successfully
[٦:٢٥:٠٩ م] 📥 Received sync request (Committees: 160)
[٦:٢٥:١١ م] ✅ Database synchronized successfully
[٦:٢٥:١٩ م] 📥 Received sync request (Committees: 159)
[٦:٢٥:٢١ م] ✅ Database synchronized successfully
[٦:٢٦:١٧ م] 📥 Received sync request (Committees: 160)
[٦:٢٦:١٩ م] ✅ Database synchronized successfully
[٦:٢٨:٠٦ م] 📥 Received sync request (Committees: 159)
[٦:٢٨:٠٨ م] ✅ Database synchronized successfully
[٦:٢٨:٣٩ م] 📥 Received sync request (Committees: 160)
[٦:٢٨:٤١ م] ✅ Database synchronized successfully
[٦:٢٩:٣١ م] 📥 Received sync request (Committees: 161)
[٦:٢٩:٣٣ م] ✅ Database synchronized successfully
[٦:٢٩:٣٩ م] 📥 Received sync request (Committees: 159)
[٦:٢٩:٤١ م] ✅ Database synchronized successfully
[٦:٢٩:٥٥ م] 📥 Received sync request (Committees: 160)
[٦:٢٩:٥٧ م] ✅ Database synchronized successfully
[٦:٣٣:٢٠ م] 📥 Received sync request (Committees: 160)
[٦:٣٣:٢٢ م] ✅ Database synchronized successfully
